16-04-2016 10:26:47 Info: Log started
16-04-2016 13:17:30 Info: Log started
16-04-2016 13:17:36 Info: LOGIN

16-04-2016 13:17:36 Info: LOGIN
 catched
16-04-2016 13:50:09 Info: Log started
16-04-2016 13:50:14 Info: LOGIN

16-04-2016 13:50:14 Info: LOGIN
 catched
16-04-2016 13:55:14 Info: Log started
16-04-2016 14:03:23 Info: Log started
16-04-2016 14:03:27 Info: LOGIN

16-04-2016 14:03:27 Info: LOGIN
 catched
16-04-2016 14:03:51 Info: QUIT 

16-04-2016 14:12:54 Info: Log started
16-04-2016 14:27:38 Info: QUIT 

16-04-2016 14:28:19 Info: Log started
16-04-2016 14:28:24 Info: LOGIN
 catched
16-04-2016 14:29:35 Info: QUIT 

16-04-2016 14:29:54 Info: Log started
16-04-2016 14:30:16 Info: LOGIN
 catched
16-04-2016 14:34:02 Info: Log started
16-04-2016 14:34:07 Info: LOGIN
 catched
16-04-2016 14:38:27 Info: Log started
16-04-2016 14:38:32 Info: LOGIN
 catched
16-04-2016 14:38:57 Info: QUIT 

16-04-2016 14:39:35 Info: Log started
16-04-2016 14:39:39 Info: LOGIN
 catched
16-04-2016 14:58:22 Info: QUIT 

16-04-2016 15:23:44 Info: Log started
16-04-2016 15:43:59 Info: QUIT 

16-04-2016 15:44:06 Info: Log started
16-04-2016 15:44:11 Info: LOGIN
 catched
16-04-2016 15:44:11 Info: vao
16-04-2016 15:51:04 Info: QUIT 

16-04-2016 15:51:31 Info: Log started
16-04-2016 15:51:36 Info: <LOGIN

16-04-2016 15:51:36 Info: >vao
16-04-2016 16:41:36 Info: >QUIT 

16-04-2016 17:04:58 Info: Log started
16-04-2016 17:11:26 Info: >QUIT 

16-04-2016 17:11:32 Info: Log started
16-04-2016 17:13:19 Info: >QUIT 

16-04-2016 17:13:24 Info: Log started
16-04-2016 17:38:49 Info: >QUIT 

16-04-2016 17:38:55 Info: Log started
16-04-2016 17:39:37 Info: >QUIT 

16-04-2016 17:39:42 Info: Log started
16-04-2016 18:10:18 Info: Log started
16-04-2016 18:15:24 Info: >QUIT 

16-04-2016 18:15:29 Info: Log started
16-04-2016 18:27:13 Info: Log started
16-04-2016 18:29:11 Info: Log started
16-04-2016 20:25:07 Info: Log started
16-04-2016 20:25:12 Info: <LOGIN

16-04-2016 20:25:12 Info: >vao
16-04-2016 21:11:14 Info: >QUIT 

16-04-2016 21:12:50 Info: Log started
16-04-2016 21:12:55 Info: <LOGIN

16-04-2016 21:12:55 Info: >vao
16-04-2016 21:13:06 Info: >QUIT 

16-04-2016 21:16:24 Info: Log started
16-04-2016 21:16:29 Info: <LOGIN

16-04-2016 21:16:29 Info: >vao
16-04-2016 21:18:07 Info: Log started
16-04-2016 21:18:12 Info: <LOGIN

16-04-2016 21:18:12 Info: >vao
16-04-2016 21:18:24 Info: >QUIT 

16-04-2016 21:19:23 Info: Log started
16-04-2016 21:19:33 Info: <LOGIN

16-04-2016 21:19:33 Info: >vao
16-04-2016 21:54:32 Info: >QUIT 

16-04-2016 21:54:54 Info: Log started
16-04-2016 21:54:59 Info: <LOGIN

16-04-2016 21:54:59 Info: >vao

16-04-2016 21:54:59 Info: <PSW

16-04-2016 21:54:59 Info: >***********

16-04-2016 21:55:52 Info: >QUIT 

