16-04-2016 14:28:19 Info: Log started
16-04-2016 14:28:19 Info: SSL: Connecting to host elviexly:9687...
16-04-2016 14:28:19 Info: SSL: Socket in host lookup state
16-04-2016 14:28:19 Info: SSL: Socket in connecting state
16-04-2016 14:28:23 Info: SSL: Socket in connected state
16-04-2016 14:28:23 Error: SSL Errors: The certificate is self-signed, and untrusted
16-04-2016 14:28:23 Info: SSL: Secure connection established!
16-04-2016 14:28:23 Info: Bytes received: 
16-04-2016 14:28:23 Info: LOGIN

16-04-2016 14:29:36 Info: Socket close pending
16-04-2016 14:29:54 Info: Log started
16-04-2016 14:29:54 Info: SSL: Connecting to host elviexly:9687...
16-04-2016 14:29:54 Info: SSL: Socket in host lookup state
16-04-2016 14:29:55 Info: SSL: Socket in connecting state
16-04-2016 14:29:59 Info: SSL: Socket in connected state
16-04-2016 14:29:59 Error: SSL Errors: The certificate is self-signed, and untrusted
16-04-2016 14:29:59 Info: SSL: Secure connection established!
16-04-2016 14:29:59 Info: Bytes received: 
16-04-2016 14:29:59 Info: LOGIN

16-04-2016 14:34:02 Info: Log started
16-04-2016 14:34:03 Info: SSL: Connecting to host elviexly:9687...
16-04-2016 14:34:03 Info: SSL: Socket in host lookup state
16-04-2016 14:34:03 Info: SSL: Socket in connecting state
16-04-2016 14:34:07 Info: SSL: Socket in connected state
16-04-2016 14:34:07 Error: SSL Errors: The certificate is self-signed, and untrusted
16-04-2016 14:34:07 Info: SSL: Secure connection established!
16-04-2016 14:34:07 Info: Bytes received: 
16-04-2016 14:34:07 Info: LOGIN

16-04-2016 14:38:27 Info: Log started
16-04-2016 14:38:27 Info: SSL: Connecting to host elviexly:9687...
16-04-2016 14:38:27 Info: SSL: Socket in host lookup state
16-04-2016 14:38:27 Info: SSL: Socket in connecting state
16-04-2016 14:38:31 Info: SSL: Socket in connected state
16-04-2016 14:38:31 Error: SSL Errors: The certificate is self-signed, and untrusted
16-04-2016 14:38:31 Info: SSL: Secure connection established!
16-04-2016 14:38:31 Info: Bytes received: 
16-04-2016 14:38:31 Info: LOGIN

16-04-2016 14:38:58 Info: Socket close pending
16-04-2016 14:39:35 Info: Log started
16-04-2016 14:39:35 Info: SSL: Connecting to host elviexly:9687...
16-04-2016 14:39:35 Info: SSL: Socket in host lookup state
16-04-2016 14:39:35 Info: SSL: Socket in connecting state
16-04-2016 14:39:39 Info: SSL: Socket in connected state
16-04-2016 14:39:39 Error: SSL Errors: The certificate is self-signed, and untrusted
16-04-2016 14:39:39 Info: SSL: Secure connection established!
16-04-2016 14:39:39 Info: Bytes received: 
16-04-2016 14:39:39 Info: LOGIN

16-04-2016 14:58:23 Info: Socket close pending
16-04-2016 15:23:44 Info: Log started
16-04-2016 15:23:45 Info: SSL: Connecting to host elviexly:9687...
16-04-2016 15:23:45 Info: SSL: Socket in host lookup state
16-04-2016 15:23:45 Info: SSL: Socket in connecting state
16-04-2016 15:23:49 Info: SSL: Socket in connected state
16-04-2016 15:23:49 Error: SSL Error: The remote host closed the connection
16-04-2016 15:23:49 Info: SSL: Socket in closing state
16-04-2016 15:23:49 Info: SSL: Socket in unconnected state
16-04-2016 15:44:01 Info: Socket close pending
16-04-2016 15:44:06 Info: Log started
16-04-2016 15:44:07 Info: SSL: Connecting to host elviexly:9687...
16-04-2016 15:44:07 Info: SSL: Socket in host lookup state
16-04-2016 15:44:07 Info: SSL: Socket in connecting state
16-04-2016 15:44:11 Info: SSL: Socket in connected state
16-04-2016 15:44:11 Error: SSL Errors: The certificate is self-signed, and untrusted
16-04-2016 15:44:11 Info: SSL: Secure connection established!
16-04-2016 15:44:11 Info: Bytes received: 
16-04-2016 15:44:11 Info: LOGIN

16-04-2016 15:51:05 Info: Socket close pending
16-04-2016 15:51:31 Info: Log started
16-04-2016 15:51:32 Info: SSL: Connecting to host elviexly:9687...
16-04-2016 15:51:32 Info: SSL: Socket in host lookup state
16-04-2016 15:51:32 Info: SSL: Socket in connecting state
16-04-2016 15:51:36 Info: SSL: Socket in connected state
16-04-2016 15:51:36 Error: SSL Errors: The certificate is self-signed, and untrusted
16-04-2016 15:51:36 Info: SSL: Secure connection established!
16-04-2016 15:51:36 Info: Bytes received: 
16-04-2016 15:51:36 Info: LOGIN

16-04-2016 16:41:37 Info: Socket close pending
16-04-2016 17:04:58 Info: Log started
16-04-2016 17:04:59 Info: SSL: Connecting to host elviexly:9687...
16-04-2016 17:04:59 Info: SSL: Socket in host lookup state
16-04-2016 17:04:59 Info: SSL: Socket in connecting state
16-04-2016 17:05:03 Info: SSL: Socket in connected state
16-04-2016 17:11:12 Error: SSL Error: The remote host closed the connection
16-04-2016 17:11:12 Info: SSL: Socket in closing state
16-04-2016 17:11:12 Info: SSL: Socket in unconnected state
16-04-2016 17:11:27 Info: Socket close pending
16-04-2016 17:11:32 Info: Log started
16-04-2016 17:11:33 Info: SSL: Connecting to host elviexly:9687...
16-04-2016 17:11:33 Info: SSL: Socket in host lookup state
16-04-2016 17:11:33 Info: SSL: Socket in connecting state
16-04-2016 17:11:37 Info: SSL: Socket in connected state
16-04-2016 17:13:05 Error: SSL Error: The remote host closed the connection
16-04-2016 17:13:05 Info: SSL: Socket in closing state
16-04-2016 17:13:05 Info: SSL: Socket in unconnected state
16-04-2016 17:13:20 Info: Socket close pending
16-04-2016 17:13:24 Info: Log started
16-04-2016 17:13:25 Info: SSL: Connecting to host elviexly:9687...
16-04-2016 17:13:25 Info: SSL: Socket in host lookup state
16-04-2016 17:13:25 Info: SSL: Socket in connecting state
16-04-2016 17:13:29 Info: SSL: Socket in connected state
16-04-2016 17:38:40 Error: SSL Error: The remote host closed the connection
16-04-2016 17:38:40 Info: SSL: Socket in closing state
16-04-2016 17:38:40 Info: SSL: Socket in unconnected state
16-04-2016 17:38:50 Info: Socket close pending
16-04-2016 17:38:55 Info: Log started
16-04-2016 17:38:56 Info: SSL: Connecting to host elviexly:9687...
16-04-2016 17:38:56 Info: SSL: Socket in host lookup state
16-04-2016 17:38:56 Info: SSL: Socket in connecting state
16-04-2016 17:39:00 Info: SSL: Socket in connected state
16-04-2016 17:39:30 Error: SSL Error: The remote host closed the connection
16-04-2016 17:39:30 Info: SSL: Socket in closing state
16-04-2016 17:39:30 Info: SSL: Socket in unconnected state
16-04-2016 17:39:38 Info: Socket close pending
16-04-2016 17:39:42 Info: Log started
16-04-2016 17:39:43 Info: SSL: Connecting to host elviexly:9687...
16-04-2016 17:39:43 Info: SSL: Socket in host lookup state
16-04-2016 17:39:43 Info: SSL: Socket in connecting state
16-04-2016 17:39:47 Info: SSL: Socket in connected state
16-04-2016 18:10:00 Error: SSL Error: The remote host closed the connection
16-04-2016 18:10:00 Info: SSL: Socket in closing state
16-04-2016 18:10:00 Info: SSL: Socket in unconnected state
16-04-2016 18:10:18 Info: Log started
16-04-2016 18:10:19 Info: SSL: Connecting to host elviexly:9687...
16-04-2016 18:10:19 Info: SSL: Socket in host lookup state
16-04-2016 18:10:19 Info: SSL: Socket in connecting state
16-04-2016 18:10:23 Info: SSL: Socket in connected state
16-04-2016 18:15:15 Error: SSL Error: The remote host closed the connection
16-04-2016 18:15:15 Info: SSL: Socket in closing state
16-04-2016 18:15:15 Info: SSL: Socket in unconnected state
16-04-2016 18:15:25 Info: Socket close pending
16-04-2016 18:15:29 Info: Log started
16-04-2016 18:15:30 Info: SSL: Connecting to host elviexly:9687...
16-04-2016 18:15:30 Info: SSL: Socket in host lookup state
16-04-2016 18:15:30 Info: SSL: Socket in connecting state
16-04-2016 18:15:34 Info: SSL: Socket in connected state
16-04-2016 18:26:54 Error: SSL Error: The remote host closed the connection
16-04-2016 18:26:54 Info: SSL: Socket in closing state
16-04-2016 18:26:54 Info: SSL: Socket in unconnected state
16-04-2016 18:27:13 Info: Log started
16-04-2016 18:27:13 Info: SSL: Connecting to host elviexly:9687...
16-04-2016 18:27:13 Info: SSL: Socket in host lookup state
16-04-2016 18:27:14 Info: SSL: Socket in connecting state
16-04-2016 18:27:18 Info: SSL: Socket in connected state
16-04-2016 18:28:15 Error: SSL Error: The remote host closed the connection
16-04-2016 18:28:15 Info: SSL: Socket in closing state
16-04-2016 18:28:15 Info: SSL: Socket in unconnected state
16-04-2016 18:29:11 Info: Log started
16-04-2016 18:29:11 Info: SSL: Connecting to host elviexly:9687...
16-04-2016 18:29:11 Info: SSL: Socket in host lookup state
16-04-2016 18:29:12 Info: SSL: Socket in connecting state
16-04-2016 18:29:16 Info: SSL: Socket in connected state
16-04-2016 18:30:13 Error: SSL Error: The remote host closed the connection
16-04-2016 18:30:13 Info: SSL: Socket in closing state
16-04-2016 18:30:13 Info: SSL: Socket in unconnected state
16-04-2016 20:25:07 Info: Log started
16-04-2016 20:25:08 Info: SSL: Connecting to host elviexly:9687...
16-04-2016 20:25:08 Info: SSL: Socket in host lookup state
16-04-2016 20:25:08 Info: SSL: Socket in connecting state
16-04-2016 20:25:12 Info: SSL: Socket in connected state
16-04-2016 20:25:12 Error: SSL Errors: The certificate is self-signed, and untrusted
16-04-2016 20:25:12 Info: SSL: Secure connection established!
16-04-2016 20:25:12 Info: Bytes received: 
16-04-2016 20:25:12 Info: LOGIN

16-04-2016 21:11:15 Info: Socket close pending
16-04-2016 21:12:50 Info: Log started
16-04-2016 21:12:51 Info: SSL: Connecting to host elviexly:9687...
16-04-2016 21:12:51 Info: SSL: Socket in host lookup state
16-04-2016 21:12:51 Info: SSL: Socket in connecting state
16-04-2016 21:12:55 Info: SSL: Socket in connected state
16-04-2016 21:12:55 Error: SSL Errors: The certificate is self-signed, and untrusted
16-04-2016 21:12:55 Info: SSL: Secure connection established!
16-04-2016 21:12:55 Info: Bytes received: 
16-04-2016 21:12:55 Info: LOGIN

16-04-2016 21:13:07 Info: Socket close pending
16-04-2016 21:16:24 Info: Log started
16-04-2016 21:16:25 Info: SSL: Connecting to host elviexly:9687...
16-04-2016 21:16:25 Info: SSL: Socket in host lookup state
16-04-2016 21:16:25 Info: SSL: Socket in connecting state
16-04-2016 21:16:29 Info: SSL: Socket in connected state
16-04-2016 21:16:29 Error: SSL Errors: The certificate is self-signed, and untrusted
16-04-2016 21:16:29 Info: SSL: Secure connection established!
16-04-2016 21:16:29 Info: Bytes received: 
16-04-2016 21:16:29 Info: LOGIN

16-04-2016 21:18:07 Info: Log started
16-04-2016 21:18:07 Info: SSL: Connecting to host elviexly:9687...
16-04-2016 21:18:07 Info: SSL: Socket in host lookup state
16-04-2016 21:18:08 Info: SSL: Socket in connecting state
16-04-2016 21:18:12 Info: SSL: Socket in connected state
16-04-2016 21:18:12 Error: SSL Errors: The certificate is self-signed, and untrusted
16-04-2016 21:18:12 Info: SSL: Secure connection established!
16-04-2016 21:18:12 Info: Bytes received: 
16-04-2016 21:18:12 Info: LOGIN

16-04-2016 21:18:25 Info: Socket close pending
16-04-2016 21:19:23 Info: Log started
16-04-2016 21:19:24 Info: SSL: Connecting to host elviexly:9687...
16-04-2016 21:19:24 Info: SSL: Socket in host lookup state
16-04-2016 21:19:28 Info: SSL: Socket in connecting state
16-04-2016 21:19:32 Info: SSL: Socket in connected state
16-04-2016 21:19:32 Error: SSL Errors: The certificate is self-signed, and untrusted
16-04-2016 21:19:32 Info: SSL: Secure connection established!
16-04-2016 21:19:32 Info: Bytes received: 
16-04-2016 21:19:32 Info: LOGIN

16-04-2016 21:54:26 Error: SSL Error: The remote host closed the connection
16-04-2016 21:54:26 Info: SSL: Socket in closing state
16-04-2016 21:54:26 Info: SSL: Socket in unconnected state
16-04-2016 21:54:33 Info: Socket close pending
16-04-2016 21:54:54 Info: Log started
16-04-2016 21:54:54 Info: SSL: Connecting to host elviexly:9687...
16-04-2016 21:54:54 Info: SSL: Socket in host lookup state
16-04-2016 21:54:54 Info: SSL: Socket in connecting state
16-04-2016 21:54:58 Info: SSL: Socket in connected state
16-04-2016 21:54:58 Error: SSL Errors: The certificate is self-signed, and untrusted
16-04-2016 21:54:58 Info: SSL: Secure connection established!
16-04-2016 21:54:58 Info: Bytes received: 
16-04-2016 21:54:58 Info: LOGIN

16-04-2016 21:54:59 Info: Bytes received: 
16-04-2016 21:54:59 Info: PSW

16-04-2016 21:55:34 Error: SSL Error: The remote host closed the connection
16-04-2016 21:55:34 Info: SSL: Socket in closing state
16-04-2016 21:55:34 Info: SSL: Socket in unconnected state
16-04-2016 21:55:53 Info: Socket close pending
